[debug] [2025-07-02T16:07:39.351Z] ----------------------------------------------------------------------
[debug] [2025-07-02T16:07:39.353Z] Command:       C:\Program Files\nodejs\node.exe C:\Users\Tier1\AppData\Roaming\npm\node_modules\firebase-tools\lib\bin\firebase.js emulators:start --only functions
[debug] [2025-07-02T16:07:39.353Z] CLI Version:   14.8.0
[debug] [2025-07-02T16:07:39.353Z] Platform:      win32
[debug] [2025-07-02T16:07:39.353Z] Node Version:  v22.14.0
[debug] [2025-07-02T16:07:39.353Z] Time:          Wed Jul 02 2025 18:07:39 GMT+0200 (hora de verano de Europa central)
[debug] [2025-07-02T16:07:39.353Z] ----------------------------------------------------------------------
[debug] 
[debug] [2025-07-02T16:07:39.543Z] > command requires scopes: ["email","openid","https://www.googleapis.com/auth/cloudplatformprojects.readonly","https://www.googleapis.com/auth/firebase","https://www.googleapis.com/auth/cloud-platform"]
[debug] [2025-07-02T16:07:39.543Z] > authorizing via signed-in user (alvarito.lechuga@gmail.com)
[info] i  emulators: Starting emulators: functions {"metadata":{"emulator":{"name":"hub"},"message":"Starting emulators: functions"}}
[debug] [2025-07-02T16:07:39.550Z] [logging] Logging Emulator only supports listening on one address (127.0.0.1). Not listening on ::1
[debug] [2025-07-02T16:07:39.550Z] assigned listening specs for emulators {"user":{"hub":[{"address":"127.0.0.1","family":"IPv4","port":4400},{"address":"::1","family":"IPv6","port":4400}],"ui":[{"address":"127.0.0.1","family":"IPv4","port":4000},{"address":"::1","family":"IPv6","port":4000}],"logging":[{"address":"127.0.0.1","family":"IPv4","port":4500}]},"metadata":{"message":"assigned listening specs for emulators"}}
[debug] [2025-07-02T16:07:39.556Z] [hub] writing locator at C:\Users\Tier1\AppData\Local\Temp\hub-studentproject-4c33d.json
[debug] [2025-07-02T16:07:39.572Z] [functions] Functions Emulator only supports listening on one address (127.0.0.1). Not listening on ::1
[debug] [2025-07-02T16:07:39.572Z] [eventarc] Eventarc Emulator only supports listening on one address (127.0.0.1). Not listening on ::1
[debug] [2025-07-02T16:07:39.572Z] [tasks] Cloud Tasks Emulator only supports listening on one address (127.0.0.1). Not listening on ::1
[debug] [2025-07-02T16:07:39.572Z] late-assigned ports for functions and eventarc emulators {"user":{"hub":[{"address":"127.0.0.1","family":"IPv4","port":4400},{"address":"::1","family":"IPv6","port":4400}],"ui":[{"address":"127.0.0.1","family":"IPv4","port":4000},{"address":"::1","family":"IPv6","port":4000}],"logging":[{"address":"127.0.0.1","family":"IPv4","port":4500}],"functions":[{"address":"127.0.0.1","family":"IPv4","port":5001}],"eventarc":[{"address":"127.0.0.1","family":"IPv4","port":9299}],"tasks":[{"address":"127.0.0.1","family":"IPv4","port":9499}]},"metadata":{"message":"late-assigned ports for functions and eventarc emulators"}}
[warn] !  functions: The following emulators are not running, calls to these services from the Functions emulator will affect production: apphosting, auth, firestore, database, hosting, pubsub, storage, dataconnect {"metadata":{"emulator":{"name":"functions"},"message":"The following emulators are not running, calls to these services from the Functions emulator will affect production: \u001b[1mapphosting, auth, firestore, database, hosting, pubsub, storage, dataconnect\u001b[22m"}}
[debug] [2025-07-02T16:07:39.590Z] defaultcredentials: writing to file C:\Users\Tier1\AppData\Roaming\firebase\alvarito_lechuga_gmail.com_application_default_credentials.json
[debug] [2025-07-02T16:07:39.592Z] Setting GAC to C:\Users\Tier1\AppData\Roaming\firebase\alvarito_lechuga_gmail.com_application_default_credentials.json {"metadata":{"emulator":{"name":"functions"},"message":"Setting GAC to C:\\Users\\Tier1\\AppData\\Roaming\\firebase\\alvarito_lechuga_gmail.com_application_default_credentials.json"}}
[debug] [2025-07-02T16:07:39.592Z] Checked if tokens are valid: true, expires at: 1751475719092
[debug] [2025-07-02T16:07:39.593Z] Checked if tokens are valid: true, expires at: 1751475719092
[debug] [2025-07-02T16:07:39.593Z] >>> [apiv2][query] GET https://firebase.googleapis.com/v1beta1/projects/studentproject-4c33d/adminSdkConfig [none]
[debug] [2025-07-02T16:07:39.863Z] <<< [apiv2][status] GET https://firebase.googleapis.com/v1beta1/projects/studentproject-4c33d/adminSdkConfig 200
[debug] [2025-07-02T16:07:39.863Z] <<< [apiv2][body] GET https://firebase.googleapis.com/v1beta1/projects/studentproject-4c33d/adminSdkConfig {"projectId":"studentproject-4c33d","storageBucket":"studentproject-4c33d.firebasestorage.app"}
[info] i  ui: downloading ui-v1.15.0.zip... {"metadata":{"emulator":{"name":"ui"},"message":"downloading ui-v1.15.0.zip..."}}
[debug] [2025-07-02T16:07:39.880Z] >>> [apiv2][query] GET https://storage.googleapis.com/firebase-preview-drop/emulator/ui-v1.15.0.zip 
[debug] [2025-07-02T16:07:39.916Z] <<< [apiv2][status] GET https://storage.googleapis.com/firebase-preview-drop/emulator/ui-v1.15.0.zip 200
[debug] [2025-07-02T16:07:39.916Z] <<< [apiv2][body] GET https://storage.googleapis.com/firebase-preview-drop/emulator/ui-v1.15.0.zip [stream]
[debug] [2025-07-02T16:07:40.005Z] Data is 3538469
[debug] [2025-07-02T16:07:40.005Z] [unzip] Entry: client/ (compressed_size=0 bytes, uncompressed_size=0 bytes)
[debug] [2025-07-02T16:07:40.005Z] [unzip] Processing entry: client\
[debug] [2025-07-02T16:07:40.005Z] [unzip] mkdir: C:\Users\Tier1\.cache\firebase\emulators\ui-v1.15.0\client\
[debug] [2025-07-02T16:07:40.010Z] [unzip] Entry: client/favicon-16x16.png (compressed_size=293 bytes, uncompressed_size=293 bytes)
[debug] [2025-07-02T16:07:40.010Z] [unzip] Processing entry: client\favicon-16x16.png
[debug] [2025-07-02T16:07:40.010Z] [unzip] else mkdir: C:\Users\Tier1\.cache\firebase\emulators\ui-v1.15.0\client
[debug] [2025-07-02T16:07:40.011Z] [unzip] Writing file: C:\Users\Tier1\.cache\firebase\emulators\ui-v1.15.0\client\favicon-16x16.png
[debug] [2025-07-02T16:07:40.011Z] [unzip] Entry: client/safari-pinned-tab.svg (compressed_size=1433 bytes, uncompressed_size=2611 bytes)
[debug] [2025-07-02T16:07:40.011Z] [unzip] Processing entry: client\safari-pinned-tab.svg
[debug] [2025-07-02T16:07:40.012Z] [unzip] else mkdir: C:\Users\Tier1\.cache\firebase\emulators\ui-v1.15.0\client
[debug] [2025-07-02T16:07:40.012Z] [unzip] deflating: C:\Users\Tier1\.cache\firebase\emulators\ui-v1.15.0\client\safari-pinned-tab.svg
[debug] [2025-07-02T16:07:40.014Z] [unzip] Entry: client/favicon.ico (compressed_size=2933 bytes, uncompressed_size=13294 bytes)
[debug] [2025-07-02T16:07:40.014Z] [unzip] Processing entry: client\favicon.ico
[debug] [2025-07-02T16:07:40.014Z] [unzip] else mkdir: C:\Users\Tier1\.cache\firebase\emulators\ui-v1.15.0\client
[debug] [2025-07-02T16:07:40.015Z] [unzip] deflating: C:\Users\Tier1\.cache\firebase\emulators\ui-v1.15.0\client\favicon.ico
[debug] [2025-07-02T16:07:40.016Z] [unzip] Entry: client/index.html (compressed_size=1364 bytes, uncompressed_size=3071 bytes)
[debug] [2025-07-02T16:07:40.017Z] [unzip] Processing entry: client\index.html
[debug] [2025-07-02T16:07:40.017Z] [unzip] else mkdir: C:\Users\Tier1\.cache\firebase\emulators\ui-v1.15.0\client
[debug] [2025-07-02T16:07:40.017Z] [unzip] deflating: C:\Users\Tier1\.cache\firebase\emulators\ui-v1.15.0\client\index.html
[debug] [2025-07-02T16:07:40.019Z] [unzip] Entry: client/android-chrome-192x192.png (compressed_size=2684 bytes, uncompressed_size=2684 bytes)
[debug] [2025-07-02T16:07:40.019Z] [unzip] Processing entry: client\android-chrome-192x192.png
[debug] [2025-07-02T16:07:40.019Z] [unzip] else mkdir: C:\Users\Tier1\.cache\firebase\emulators\ui-v1.15.0\client
[debug] [2025-07-02T16:07:40.020Z] [unzip] Writing file: C:\Users\Tier1\.cache\firebase\emulators\ui-v1.15.0\client\android-chrome-192x192.png
[debug] [2025-07-02T16:07:40.021Z] [unzip] Entry: client/apple-touch-icon.png (compressed_size=2123 bytes, uncompressed_size=2152 bytes)
[debug] [2025-07-02T16:07:40.021Z] [unzip] Processing entry: client\apple-touch-icon.png
[debug] [2025-07-02T16:07:40.021Z] [unzip] else mkdir: C:\Users\Tier1\.cache\firebase\emulators\ui-v1.15.0\client
[debug] [2025-07-02T16:07:40.021Z] [unzip] deflating: C:\Users\Tier1\.cache\firebase\emulators\ui-v1.15.0\client\apple-touch-icon.png
[debug] [2025-07-02T16:07:40.023Z] [unzip] Entry: client/android-chrome-512x512.png (compressed_size=5369 bytes, uncompressed_size=5411 bytes)
[debug] [2025-07-02T16:07:40.023Z] [unzip] Processing entry: client\android-chrome-512x512.png
[debug] [2025-07-02T16:07:40.023Z] [unzip] else mkdir: C:\Users\Tier1\.cache\firebase\emulators\ui-v1.15.0\client
[debug] [2025-07-02T16:07:40.024Z] [unzip] deflating: C:\Users\Tier1\.cache\firebase\emulators\ui-v1.15.0\client\android-chrome-512x512.png
[debug] [2025-07-02T16:07:40.025Z] [unzip] Entry: client/manifest.json (compressed_size=245 bytes, uncompressed_size=551 bytes)
[debug] [2025-07-02T16:07:40.025Z] [unzip] Processing entry: client\manifest.json
[debug] [2025-07-02T16:07:40.025Z] [unzip] else mkdir: C:\Users\Tier1\.cache\firebase\emulators\ui-v1.15.0\client
[debug] [2025-07-02T16:07:40.025Z] [unzip] deflating: C:\Users\Tier1\.cache\firebase\emulators\ui-v1.15.0\client\manifest.json
[debug] [2025-07-02T16:07:40.027Z] [unzip] Entry: client/robots.txt (compressed_size=26 bytes, uncompressed_size=26 bytes)
[debug] [2025-07-02T16:07:40.027Z] [unzip] Processing entry: client\robots.txt
[debug] [2025-07-02T16:07:40.027Z] [unzip] else mkdir: C:\Users\Tier1\.cache\firebase\emulators\ui-v1.15.0\client
[debug] [2025-07-02T16:07:40.027Z] [unzip] Writing file: C:\Users\Tier1\.cache\firebase\emulators\ui-v1.15.0\client\robots.txt
[debug] [2025-07-02T16:07:40.027Z] [unzip] Entry: client/mstile-150x150.png (compressed_size=2034 bytes, uncompressed_size=2034 bytes)
[debug] [2025-07-02T16:07:40.028Z] [unzip] Processing entry: client\mstile-150x150.png
[debug] [2025-07-02T16:07:40.028Z] [unzip] else mkdir: C:\Users\Tier1\.cache\firebase\emulators\ui-v1.15.0\client
[debug] [2025-07-02T16:07:40.028Z] [unzip] Writing file: C:\Users\Tier1\.cache\firebase\emulators\ui-v1.15.0\client\mstile-150x150.png
[debug] [2025-07-02T16:07:40.028Z] [unzip] Entry: client/assets/ (compressed_size=0 bytes, uncompressed_size=0 bytes)
[debug] [2025-07-02T16:07:40.028Z] [unzip] Processing entry: client\assets\
[debug] [2025-07-02T16:07:40.028Z] [unzip] mkdir: C:\Users\Tier1\.cache\firebase\emulators\ui-v1.15.0\client\assets\
[debug] [2025-07-02T16:07:40.028Z] [unzip] Entry: client/assets/index-BX-A56oj.js (compressed_size=582089 bytes, uncompressed_size=2092775 bytes)
[debug] [2025-07-02T16:07:40.029Z] [unzip] Processing entry: client\assets\index-BX-A56oj.js
[debug] [2025-07-02T16:07:40.029Z] [unzip] else mkdir: C:\Users\Tier1\.cache\firebase\emulators\ui-v1.15.0\client\assets
[debug] [2025-07-02T16:07:40.029Z] [unzip] deflating: C:\Users\Tier1\.cache\firebase\emulators\ui-v1.15.0\client\assets\index-BX-A56oj.js
[debug] [2025-07-02T16:07:40.042Z] [unzip] Entry: client/assets/index-CjB9C900.css (compressed_size=35979 bytes, uncompressed_size=298654 bytes)
[debug] [2025-07-02T16:07:40.042Z] [unzip] Processing entry: client\assets\index-CjB9C900.css
[debug] [2025-07-02T16:07:40.042Z] [unzip] else mkdir: C:\Users\Tier1\.cache\firebase\emulators\ui-v1.15.0\client\assets
[debug] [2025-07-02T16:07:40.042Z] [unzip] deflating: C:\Users\Tier1\.cache\firebase\emulators\ui-v1.15.0\client\assets\index-CjB9C900.css
[debug] [2025-07-02T16:07:40.044Z] [unzip] Entry: client/assets/index-BX-A56oj.js.map (compressed_size=2362482 bytes, uncompressed_size=10036679 bytes)
[debug] [2025-07-02T16:07:40.044Z] [unzip] Processing entry: client\assets\index-BX-A56oj.js.map
[debug] [2025-07-02T16:07:40.044Z] [unzip] else mkdir: C:\Users\Tier1\.cache\firebase\emulators\ui-v1.15.0\client\assets
[debug] [2025-07-02T16:07:40.044Z] [unzip] deflating: C:\Users\Tier1\.cache\firebase\emulators\ui-v1.15.0\client\assets\index-BX-A56oj.js.map
[debug] [2025-07-02T16:07:40.089Z] [unzip] Entry: client/assets/extensions/ (compressed_size=0 bytes, uncompressed_size=0 bytes)
[debug] [2025-07-02T16:07:40.089Z] [unzip] Processing entry: client\assets\extensions\
[debug] [2025-07-02T16:07:40.089Z] [unzip] mkdir: C:\Users\Tier1\.cache\firebase\emulators\ui-v1.15.0\client\assets\extensions\
[debug] [2025-07-02T16:07:40.089Z] [unzip] Entry: client/assets/extensions/default-extension.png (compressed_size=1646 bytes, uncompressed_size=1657 bytes)
[debug] [2025-07-02T16:07:40.089Z] [unzip] Processing entry: client\assets\extensions\default-extension.png
[debug] [2025-07-02T16:07:40.089Z] [unzip] else mkdir: C:\Users\Tier1\.cache\firebase\emulators\ui-v1.15.0\client\assets\extensions
[debug] [2025-07-02T16:07:40.090Z] [unzip] deflating: C:\Users\Tier1\.cache\firebase\emulators\ui-v1.15.0\client\assets\extensions\default-extension.png
[debug] [2025-07-02T16:07:40.092Z] [unzip] Entry: client/assets/img/ (compressed_size=0 bytes, uncompressed_size=0 bytes)
[debug] [2025-07-02T16:07:40.092Z] [unzip] Processing entry: client\assets\img\
[debug] [2025-07-02T16:07:40.092Z] [unzip] mkdir: C:\Users\Tier1\.cache\firebase\emulators\ui-v1.15.0\client\assets\img\
[debug] [2025-07-02T16:07:40.092Z] [unzip] Entry: client/assets/img/database.png (compressed_size=29449 bytes, uncompressed_size=29988 bytes)
[debug] [2025-07-02T16:07:40.092Z] [unzip] Processing entry: client\assets\img\database.png
[debug] [2025-07-02T16:07:40.093Z] [unzip] else mkdir: C:\Users\Tier1\.cache\firebase\emulators\ui-v1.15.0\client\assets\img
[debug] [2025-07-02T16:07:40.093Z] [unzip] deflating: C:\Users\Tier1\.cache\firebase\emulators\ui-v1.15.0\client\assets\img\database.png
[debug] [2025-07-02T16:07:40.093Z] [unzip] Entry: client/assets/provider-icons/ (compressed_size=0 bytes, uncompressed_size=0 bytes)
[debug] [2025-07-02T16:07:40.094Z] [unzip] Processing entry: client\assets\provider-icons\
[debug] [2025-07-02T16:07:40.094Z] [unzip] mkdir: C:\Users\Tier1\.cache\firebase\emulators\ui-v1.15.0\client\assets\provider-icons\
[debug] [2025-07-02T16:07:40.094Z] [unzip] Entry: client/assets/provider-icons/auth_service_saml.svg (compressed_size=575 bytes, uncompressed_size=1226 bytes)
[debug] [2025-07-02T16:07:40.094Z] [unzip] Processing entry: client\assets\provider-icons\auth_service_saml.svg
[debug] [2025-07-02T16:07:40.094Z] [unzip] else mkdir: C:\Users\Tier1\.cache\firebase\emulators\ui-v1.15.0\client\assets\provider-icons
[debug] [2025-07-02T16:07:40.094Z] [unzip] deflating: C:\Users\Tier1\.cache\firebase\emulators\ui-v1.15.0\client\assets\provider-icons\auth_service_saml.svg
[debug] [2025-07-02T16:07:40.095Z] [unzip] Entry: client/assets/provider-icons/auth_service_phone.svg (compressed_size=261 bytes, uncompressed_size=414 bytes)
[debug] [2025-07-02T16:07:40.095Z] [unzip] Processing entry: client\assets\provider-icons\auth_service_phone.svg
[debug] [2025-07-02T16:07:40.095Z] [unzip] else mkdir: C:\Users\Tier1\.cache\firebase\emulators\ui-v1.15.0\client\assets\provider-icons
[debug] [2025-07-02T16:07:40.095Z] [unzip] deflating: C:\Users\Tier1\.cache\firebase\emulators\ui-v1.15.0\client\assets\provider-icons\auth_service_phone.svg
[debug] [2025-07-02T16:07:40.096Z] [unzip] Entry: client/assets/provider-icons/auth_service_facebook.svg (compressed_size=289 bytes, uncompressed_size=457 bytes)
[debug] [2025-07-02T16:07:40.096Z] [unzip] Processing entry: client\assets\provider-icons\auth_service_facebook.svg
[debug] [2025-07-02T16:07:40.096Z] [unzip] else mkdir: C:\Users\Tier1\.cache\firebase\emulators\ui-v1.15.0\client\assets\provider-icons
[debug] [2025-07-02T16:07:40.096Z] [unzip] deflating: C:\Users\Tier1\.cache\firebase\emulators\ui-v1.15.0\client\assets\provider-icons\auth_service_facebook.svg
[debug] [2025-07-02T16:07:40.097Z] [unzip] Entry: client/assets/provider-icons/auth_service_game_center.svg (compressed_size=991 bytes, uncompressed_size=3921 bytes)
[debug] [2025-07-02T16:07:40.097Z] [unzip] Processing entry: client\assets\provider-icons\auth_service_game_center.svg
[debug] [2025-07-02T16:07:40.097Z] [unzip] else mkdir: C:\Users\Tier1\.cache\firebase\emulators\ui-v1.15.0\client\assets\provider-icons
[debug] [2025-07-02T16:07:40.098Z] [unzip] deflating: C:\Users\Tier1\.cache\firebase\emulators\ui-v1.15.0\client\assets\provider-icons\auth_service_game_center.svg
[debug] [2025-07-02T16:07:40.099Z] [unzip] Entry: client/assets/provider-icons/auth_service_apple.svg (compressed_size=230 bytes, uncompressed_size=334 bytes)
[debug] [2025-07-02T16:07:40.099Z] [unzip] Processing entry: client\assets\provider-icons\auth_service_apple.svg
[debug] [2025-07-02T16:07:40.099Z] [unzip] else mkdir: C:\Users\Tier1\.cache\firebase\emulators\ui-v1.15.0\client\assets\provider-icons
[debug] [2025-07-02T16:07:40.100Z] [unzip] deflating: C:\Users\Tier1\.cache\firebase\emulators\ui-v1.15.0\client\assets\provider-icons\auth_service_apple.svg
[debug] [2025-07-02T16:07:40.101Z] [unzip] Entry: client/assets/provider-icons/auth_service_github.svg (compressed_size=466 bytes, uncompressed_size=838 bytes)
[debug] [2025-07-02T16:07:40.101Z] [unzip] Processing entry: client\assets\provider-icons\auth_service_github.svg
[debug] [2025-07-02T16:07:40.101Z] [unzip] else mkdir: C:\Users\Tier1\.cache\firebase\emulators\ui-v1.15.0\client\assets\provider-icons
[debug] [2025-07-02T16:07:40.101Z] [unzip] deflating: C:\Users\Tier1\.cache\firebase\emulators\ui-v1.15.0\client\assets\provider-icons\auth_service_github.svg
[debug] [2025-07-02T16:07:40.101Z] [unzip] Entry: client/assets/provider-icons/auth_service_mslive.svg (compressed_size=203 bytes, uncompressed_size=378 bytes)
[debug] [2025-07-02T16:07:40.102Z] [unzip] Processing entry: client\assets\provider-icons\auth_service_mslive.svg
[debug] [2025-07-02T16:07:40.102Z] [unzip] else mkdir: C:\Users\Tier1\.cache\firebase\emulators\ui-v1.15.0\client\assets\provider-icons
[debug] [2025-07-02T16:07:40.102Z] [unzip] deflating: C:\Users\Tier1\.cache\firebase\emulators\ui-v1.15.0\client\assets\provider-icons\auth_service_mslive.svg
[debug] [2025-07-02T16:07:40.102Z] [unzip] Entry: client/assets/provider-icons/auth_service_yahoo.svg (compressed_size=577 bytes, uncompressed_size=1182 bytes)
[debug] [2025-07-02T16:07:40.102Z] [unzip] Processing entry: client\assets\provider-icons\auth_service_yahoo.svg
[debug] [2025-07-02T16:07:40.102Z] [unzip] else mkdir: C:\Users\Tier1\.cache\firebase\emulators\ui-v1.15.0\client\assets\provider-icons
[debug] [2025-07-02T16:07:40.103Z] [unzip] deflating: C:\Users\Tier1\.cache\firebase\emulators\ui-v1.15.0\client\assets\provider-icons\auth_service_yahoo.svg
[debug] [2025-07-02T16:07:40.103Z] [unzip] Entry: client/assets/provider-icons/auth_service_twitter.svg (compressed_size=444 bytes, uncompressed_size=751 bytes)
[debug] [2025-07-02T16:07:40.103Z] [unzip] Processing entry: client\assets\provider-icons\auth_service_twitter.svg
[debug] [2025-07-02T16:07:40.103Z] [unzip] else mkdir: C:\Users\Tier1\.cache\firebase\emulators\ui-v1.15.0\client\assets\provider-icons
[debug] [2025-07-02T16:07:40.103Z] [unzip] deflating: C:\Users\Tier1\.cache\firebase\emulators\ui-v1.15.0\client\assets\provider-icons\auth_service_twitter.svg
[debug] [2025-07-02T16:07:40.104Z] [unzip] Entry: client/assets/provider-icons/auth_service_play_games.svg (compressed_size=565 bytes, uncompressed_size=1173 bytes)
[debug] [2025-07-02T16:07:40.104Z] [unzip] Processing entry: client\assets\provider-icons\auth_service_play_games.svg
[debug] [2025-07-02T16:07:40.104Z] [unzip] else mkdir: C:\Users\Tier1\.cache\firebase\emulators\ui-v1.15.0\client\assets\provider-icons
[debug] [2025-07-02T16:07:40.104Z] [unzip] deflating: C:\Users\Tier1\.cache\firebase\emulators\ui-v1.15.0\client\assets\provider-icons\auth_service_play_games.svg
[debug] [2025-07-02T16:07:40.105Z] [unzip] Entry: client/assets/provider-icons/auth_service_email.svg (compressed_size=228 bytes, uncompressed_size=326 bytes)
[debug] [2025-07-02T16:07:40.105Z] [unzip] Processing entry: client\assets\provider-icons\auth_service_email.svg
[debug] [2025-07-02T16:07:40.105Z] [unzip] else mkdir: C:\Users\Tier1\.cache\firebase\emulators\ui-v1.15.0\client\assets\provider-icons
[debug] [2025-07-02T16:07:40.106Z] [unzip] deflating: C:\Users\Tier1\.cache\firebase\emulators\ui-v1.15.0\client\assets\provider-icons\auth_service_email.svg
[debug] [2025-07-02T16:07:40.106Z] [unzip] Entry: client/assets/provider-icons/auth_service_google.svg (compressed_size=409 bytes, uncompressed_size=720 bytes)
[debug] [2025-07-02T16:07:40.106Z] [unzip] Processing entry: client\assets\provider-icons\auth_service_google.svg
[debug] [2025-07-02T16:07:40.106Z] [unzip] else mkdir: C:\Users\Tier1\.cache\firebase\emulators\ui-v1.15.0\client\assets\provider-icons
[debug] [2025-07-02T16:07:40.107Z] [unzip] deflating: C:\Users\Tier1\.cache\firebase\emulators\ui-v1.15.0\client\assets\provider-icons\auth_service_google.svg
[debug] [2025-07-02T16:07:40.107Z] [unzip] Entry: client/assets/provider-icons/auth_service_oidc.svg (compressed_size=414 bytes, uncompressed_size=858 bytes)
[debug] [2025-07-02T16:07:40.107Z] [unzip] Processing entry: client\assets\provider-icons\auth_service_oidc.svg
[debug] [2025-07-02T16:07:40.107Z] [unzip] else mkdir: C:\Users\Tier1\.cache\firebase\emulators\ui-v1.15.0\client\assets\provider-icons
[debug] [2025-07-02T16:07:40.108Z] [unzip] deflating: C:\Users\Tier1\.cache\firebase\emulators\ui-v1.15.0\client\assets\provider-icons\auth_service_oidc.svg
[debug] [2025-07-02T16:07:40.108Z] [unzip] Entry: client/browserconfig.xml (compressed_size=491 bytes, uncompressed_size=822 bytes)
[debug] [2025-07-02T16:07:40.109Z] [unzip] Processing entry: client\browserconfig.xml
[debug] [2025-07-02T16:07:40.109Z] [unzip] else mkdir: C:\Users\Tier1\.cache\firebase\emulators\ui-v1.15.0\client
[debug] [2025-07-02T16:07:40.109Z] [unzip] deflating: C:\Users\Tier1\.cache\firebase\emulators\ui-v1.15.0\client\browserconfig.xml
[debug] [2025-07-02T16:07:40.109Z] [unzip] Entry: client/favicon-32x32.png (compressed_size=475 bytes, uncompressed_size=475 bytes)
[debug] [2025-07-02T16:07:40.109Z] [unzip] Processing entry: client\favicon-32x32.png
[debug] [2025-07-02T16:07:40.109Z] [unzip] else mkdir: C:\Users\Tier1\.cache\firebase\emulators\ui-v1.15.0\client
[debug] [2025-07-02T16:07:40.110Z] [unzip] Writing file: C:\Users\Tier1\.cache\firebase\emulators\ui-v1.15.0\client\favicon-32x32.png
[debug] [2025-07-02T16:07:40.110Z] [unzip] Entry: server/ (compressed_size=0 bytes, uncompressed_size=0 bytes)
[debug] [2025-07-02T16:07:40.110Z] [unzip] Processing entry: server\
[debug] [2025-07-02T16:07:40.110Z] [unzip] mkdir: C:\Users\Tier1\.cache\firebase\emulators\ui-v1.15.0\server\
[debug] [2025-07-02T16:07:40.110Z] [unzip] Entry: server/server.mjs.map (compressed_size=217845 bytes, uncompressed_size=944978 bytes)
[debug] [2025-07-02T16:07:40.110Z] [unzip] Processing entry: server\server.mjs.map
[debug] [2025-07-02T16:07:40.110Z] [unzip] else mkdir: C:\Users\Tier1\.cache\firebase\emulators\ui-v1.15.0\server
[debug] [2025-07-02T16:07:40.111Z] [unzip] deflating: C:\Users\Tier1\.cache\firebase\emulators\ui-v1.15.0\server\server.mjs.map
[debug] [2025-07-02T16:07:40.117Z] [unzip] Entry: server/server.mjs (compressed_size=276407 bytes, uncompressed_size=933701 bytes)
[debug] [2025-07-02T16:07:40.117Z] [unzip] Processing entry: server\server.mjs
[debug] [2025-07-02T16:07:40.117Z] [unzip] else mkdir: C:\Users\Tier1\.cache\firebase\emulators\ui-v1.15.0\server
[debug] [2025-07-02T16:07:40.117Z] [unzip] deflating: C:\Users\Tier1\.cache\firebase\emulators\ui-v1.15.0\server\server.mjs
[info] i  functions: Watching "C:\Users\Tier1\Desktop\StudentProject\functions" for Cloud Functions... {"metadata":{"emulator":{"name":"functions"},"message":"Watching \"C:\\Users\\Tier1\\Desktop\\StudentProject\\functions\" for Cloud Functions..."}}
[debug] [2025-07-02T16:07:40.131Z] Validating nodejs source
[debug] [2025-07-02T16:07:40.727Z] > [functions] package.json contents: {
  "name": "functions",
  "description": "Cloud Functions for Firebase",
  "scripts": {
    "lint": "eslint .",
    "serve": "firebase emulators:start --only functions",
    "shell": "firebase functions:shell",
    "start": "npm run shell",
    "deploy": "firebase deploy --only functions",
    "logs": "firebase functions:log"
  },
  "engines": {
    "node": "20"
  },
  "main": "index.js",
  "dependencies": {
    "cors": "^2.8.5",
    "firebase-admin": "^12.6.0",
    "firebase-functions": "^6.0.1",
    "googleapis": "^150.0.1"
  },
  "devDependencies": {
    "eslint": "^8.15.0",
    "eslint-config-google": "^0.14.0",
    "firebase-functions-test": "^3.1.0"
  },
  "private": true
}
[debug] [2025-07-02T16:07:40.727Z] Building nodejs source
[debug] [2025-07-02T16:07:40.727Z] Failed to find version of module node: reached end of search path C:\Users\Tier1\Desktop\StudentProject\functions\node_modules
[warn] !  functions: Your requested "node" version "20" doesn't match your global version "22". Using node@22 from host. 
[debug] [2025-07-02T16:07:40.729Z] Could not find functions.yaml. Must use http discovery
[debug] [2025-07-02T16:07:40.736Z] Found firebase-functions binary at 'C:\Users\Tier1\Desktop\StudentProject\functions\node_modules\.bin\firebase-functions'
[info] Serving at port 8340

[debug] [2025-07-02T16:07:41.283Z] Got response from /__/functions.yaml {"endpoints":{"onTeacherAssigned":{"platform":"gcfv1","availableMemoryMb":null,"timeoutSeconds":null,"minInstances":null,"maxInstances":null,"ingressSettings":null,"serviceAccountEmail":null,"vpc":null,"eventTrigger":{"eventType":"providers/cloud.firestore/eventTypes/document.update","eventFilters":{"resource":"projects/studentproject-4c33d/databases/(default)/documents/clases/{classId}"},"retry":false},"labels":{},"entryPoint":"onTeacherAssigned"},"sendCustomPasswordResetEmail":{"platform":"gcfv1","availableMemoryMb":null,"timeoutSeconds":null,"minInstances":null,"maxInstances":null,"ingressSettings":null,"serviceAccountEmail":null,"vpc":null,"httpsTrigger":{},"entryPoint":"sendCustomPasswordResetEmail"}},"specVersion":"v1alpha1","requiredAPIs":[],"extensions":{}}
[info] +  functions: Loaded functions definitions from source: onTeacherAssigned, sendCustomPasswordResetEmail. {"metadata":{"emulator":{"name":"functions"},"message":"Loaded functions definitions from source: onTeacherAssigned, sendCustomPasswordResetEmail."}}
[info] i  functions[us-central1-onTeacherAssigned]: function ignored because the firestore emulator does not exist or is not running. {"metadata":{"emulator":{"name":"functions"},"message":"function ignored because the firestore emulator does not exist or is not running."}}
[info] +  functions[us-central1-sendCustomPasswordResetEmail]: http function initialized (http://127.0.0.1:5001/studentproject-4c33d/us-central1/sendCustomPasswordResetEmail). {"metadata":{"emulator":{"name":"functions"},"message":"\u001b[1mhttp\u001b[22m function initialized (http://127.0.0.1:5001/studentproject-4c33d/us-central1/sendCustomPasswordResetEmail)."}}
[debug] [2025-07-02T16:07:45.320Z] Could not find VSCode notification endpoint: FetchError: request to http://localhost:40001/vscode/notify failed, reason: . If you are not running the Firebase Data Connect VSCode extension, this is expected and not an issue.
[info] 
┌─────────────────────────────────────────────────────────────┐
│ ✔  All emulators ready! It is now safe to connect your app. │
│ i  View Emulator UI at http://127.0.0.1:4000/               │
└─────────────────────────────────────────────────────────────┘

┌───────────┬────────────────┬─────────────────────────────────┐
│ Emulator  │ Host:Port      │ View in Emulator UI             │
├───────────┼────────────────┼─────────────────────────────────┤
│ Functions │ 127.0.0.1:5001 │ http://127.0.0.1:4000/functions │
└───────────┴────────────────┴─────────────────────────────────┘
  Emulator Hub host: 127.0.0.1 port: 4400
  Other reserved ports: 4500

Issues? Report them at https://github.com/firebase/firebase-tools/issues and attach the *-debug.log files.
 
[debug] [2025-07-02T16:08:51.366Z] Received signal SIGHUP 1
[info]  
[info] i  emulators: Received SIGHUP for the first time. Starting a clean shutdown. 
[info] i  emulators: Please wait for a clean shutdown or send the SIGHUP signal again to stop right now. 
[info] i  emulators: Shutting down emulators. {"metadata":{"emulator":{"name":"hub"},"message":"Shutting down emulators."}}
[info] i  ui: Stopping Emulator UI {"metadata":{"emulator":{"name":"ui"},"message":"Stopping Emulator UI"}}
[info] i  functions: Stopping Functions Emulator {"metadata":{"emulator":{"name":"functions"},"message":"Stopping Functions Emulator"}}
[info] i  eventarc: Stopping Eventarc Emulator {"metadata":{"emulator":{"name":"eventarc"},"message":"Stopping Eventarc Emulator"}}
[info] i  tasks: Stopping Cloud Tasks Emulator {"metadata":{"emulator":{"name":"tasks"},"message":"Stopping Cloud Tasks Emulator"}}
[info] i  hub: Stopping emulator hub {"metadata":{"emulator":{"name":"hub"},"message":"Stopping emulator hub"}}
[info] i  logging: Stopping Logging Emulator {"metadata":{"emulator":{"name":"logging"},"message":"Stopping Logging Emulator"}}
[debug] [2025-07-02T16:08:51.377Z] Could not find VSCode notification endpoint: FetchError: request to http://localhost:40001/vscode/notify failed, reason: . If you are not running the Firebase Data Connect VSCode extension, this is expected and not an issue.
[debug] [2025-07-02T16:09:32.338Z] ----------------------------------------------------------------------
[debug] [2025-07-02T16:09:32.340Z] Command:       C:\Program Files\nodejs\node.exe C:\Users\Tier1\AppData\Roaming\npm\node_modules\firebase-tools\lib\bin\firebase.js emulators:start --only functions
[debug] [2025-07-02T16:09:32.340Z] CLI Version:   14.8.0
[debug] [2025-07-02T16:09:32.340Z] Platform:      win32
[debug] [2025-07-02T16:09:32.340Z] Node Version:  v22.14.0
[debug] [2025-07-02T16:09:32.341Z] Time:          Wed Jul 02 2025 18:09:32 GMT+0200 (hora de verano de Europa central)
[debug] [2025-07-02T16:09:32.341Z] ----------------------------------------------------------------------
[debug] 
[debug] [2025-07-02T16:09:32.506Z] > command requires scopes: ["email","openid","https://www.googleapis.com/auth/cloudplatformprojects.readonly","https://www.googleapis.com/auth/firebase","https://www.googleapis.com/auth/cloud-platform"]
[debug] [2025-07-02T16:09:32.506Z] > authorizing via signed-in user (alvarito.lechuga@gmail.com)
[info] i  emulators: Starting emulators: functions {"metadata":{"emulator":{"name":"hub"},"message":"Starting emulators: functions"}}
[debug] [2025-07-02T16:09:32.513Z] [logging] Logging Emulator only supports listening on one address (127.0.0.1). Not listening on ::1
[debug] [2025-07-02T16:09:32.513Z] assigned listening specs for emulators {"user":{"hub":[{"address":"127.0.0.1","family":"IPv4","port":4400},{"address":"::1","family":"IPv6","port":4400}],"ui":[{"address":"127.0.0.1","family":"IPv4","port":4000},{"address":"::1","family":"IPv6","port":4000}],"logging":[{"address":"127.0.0.1","family":"IPv4","port":4500}]},"metadata":{"message":"assigned listening specs for emulators"}}
[debug] [2025-07-02T16:09:32.516Z] [hub] writing locator at C:\Users\Tier1\AppData\Local\Temp\hub-studentproject-4c33d.json
[debug] [2025-07-02T16:09:32.537Z] [functions] Functions Emulator only supports listening on one address (127.0.0.1). Not listening on ::1
[debug] [2025-07-02T16:09:32.537Z] [eventarc] Eventarc Emulator only supports listening on one address (127.0.0.1). Not listening on ::1
[debug] [2025-07-02T16:09:32.537Z] [tasks] Cloud Tasks Emulator only supports listening on one address (127.0.0.1). Not listening on ::1
[debug] [2025-07-02T16:09:32.537Z] late-assigned ports for functions and eventarc emulators {"user":{"hub":[{"address":"127.0.0.1","family":"IPv4","port":4400},{"address":"::1","family":"IPv6","port":4400}],"ui":[{"address":"127.0.0.1","family":"IPv4","port":4000},{"address":"::1","family":"IPv6","port":4000}],"logging":[{"address":"127.0.0.1","family":"IPv4","port":4500}],"functions":[{"address":"127.0.0.1","family":"IPv4","port":5001}],"eventarc":[{"address":"127.0.0.1","family":"IPv4","port":9299}],"tasks":[{"address":"127.0.0.1","family":"IPv4","port":9499}]},"metadata":{"message":"late-assigned ports for functions and eventarc emulators"}}
[warn] !  functions: The following emulators are not running, calls to these services from the Functions emulator will affect production: apphosting, auth, firestore, database, hosting, pubsub, storage, dataconnect {"metadata":{"emulator":{"name":"functions"},"message":"The following emulators are not running, calls to these services from the Functions emulator will affect production: \u001b[1mapphosting, auth, firestore, database, hosting, pubsub, storage, dataconnect\u001b[22m"}}
[debug] [2025-07-02T16:09:32.551Z] defaultcredentials: writing to file C:\Users\Tier1\AppData\Roaming\firebase\alvarito_lechuga_gmail.com_application_default_credentials.json
[debug] [2025-07-02T16:09:32.552Z] Setting GAC to C:\Users\Tier1\AppData\Roaming\firebase\alvarito_lechuga_gmail.com_application_default_credentials.json {"metadata":{"emulator":{"name":"functions"},"message":"Setting GAC to C:\\Users\\Tier1\\AppData\\Roaming\\firebase\\alvarito_lechuga_gmail.com_application_default_credentials.json"}}
[debug] [2025-07-02T16:09:32.553Z] Checked if tokens are valid: true, expires at: 1751475719092
[debug] [2025-07-02T16:09:32.553Z] Checked if tokens are valid: true, expires at: 1751475719092
[debug] [2025-07-02T16:09:32.554Z] >>> [apiv2][query] GET https://firebase.googleapis.com/v1beta1/projects/studentproject-4c33d/adminSdkConfig [none]
[debug] [2025-07-02T16:09:32.876Z] <<< [apiv2][status] GET https://firebase.googleapis.com/v1beta1/projects/studentproject-4c33d/adminSdkConfig 200
[debug] [2025-07-02T16:09:32.876Z] <<< [apiv2][body] GET https://firebase.googleapis.com/v1beta1/projects/studentproject-4c33d/adminSdkConfig {"projectId":"studentproject-4c33d","storageBucket":"studentproject-4c33d.firebasestorage.app"}
[info] i  functions: Watching "C:\Users\Tier1\Desktop\StudentProject\functions" for Cloud Functions... {"metadata":{"emulator":{"name":"functions"},"message":"Watching \"C:\\Users\\Tier1\\Desktop\\StudentProject\\functions\" for Cloud Functions..."}}
[debug] [2025-07-02T16:09:32.907Z] Validating nodejs source
[debug] [2025-07-02T16:09:33.552Z] > [functions] package.json contents: {
  "name": "functions",
  "description": "Cloud Functions for Firebase",
  "scripts": {
    "lint": "eslint .",
    "serve": "firebase emulators:start --only functions",
    "shell": "firebase functions:shell",
    "start": "npm run shell",
    "deploy": "firebase deploy --only functions",
    "logs": "firebase functions:log"
  },
  "engines": {
    "node": "20"
  },
  "main": "index.js",
  "dependencies": {
    "cors": "^2.8.5",
    "firebase-admin": "^12.6.0",
    "firebase-functions": "^6.0.1",
    "googleapis": "^150.0.1"
  },
  "devDependencies": {
    "eslint": "^8.15.0",
    "eslint-config-google": "^0.14.0",
    "firebase-functions-test": "^3.1.0"
  },
  "private": true
}
[debug] [2025-07-02T16:09:33.552Z] Building nodejs source
[debug] [2025-07-02T16:09:33.552Z] Failed to find version of module node: reached end of search path C:\Users\Tier1\Desktop\StudentProject\functions\node_modules
[warn] !  functions: Your requested "node" version "20" doesn't match your global version "22". Using node@22 from host. 
[debug] [2025-07-02T16:09:33.554Z] Could not find functions.yaml. Must use http discovery
[debug] [2025-07-02T16:09:33.560Z] Found firebase-functions binary at 'C:\Users\Tier1\Desktop\StudentProject\functions\node_modules\.bin\firebase-functions'
[info] Serving at port 8860

[debug] [2025-07-02T16:09:33.986Z] Got response from /__/functions.yaml {"endpoints":{"onTeacherAssigned":{"platform":"gcfv1","availableMemoryMb":null,"timeoutSeconds":null,"minInstances":null,"maxInstances":null,"ingressSettings":null,"serviceAccountEmail":null,"vpc":null,"eventTrigger":{"eventType":"providers/cloud.firestore/eventTypes/document.update","eventFilters":{"resource":"projects/studentproject-4c33d/databases/(default)/documents/clases/{classId}"},"retry":false},"labels":{},"entryPoint":"onTeacherAssigned"},"sendCustomPasswordResetEmail":{"platform":"gcfv1","availableMemoryMb":null,"timeoutSeconds":null,"minInstances":null,"maxInstances":null,"ingressSettings":null,"serviceAccountEmail":null,"vpc":null,"httpsTrigger":{},"entryPoint":"sendCustomPasswordResetEmail"}},"specVersion":"v1alpha1","requiredAPIs":[],"extensions":{}}
[info] +  functions: Loaded functions definitions from source: onTeacherAssigned, sendCustomPasswordResetEmail. {"metadata":{"emulator":{"name":"functions"},"message":"Loaded functions definitions from source: onTeacherAssigned, sendCustomPasswordResetEmail."}}
[info] i  functions[us-central1-onTeacherAssigned]: function ignored because the firestore emulator does not exist or is not running. {"metadata":{"emulator":{"name":"functions"},"message":"function ignored because the firestore emulator does not exist or is not running."}}
[info] +  functions[us-central1-sendCustomPasswordResetEmail]: http function initialized (http://127.0.0.1:5001/studentproject-4c33d/us-central1/sendCustomPasswordResetEmail). {"metadata":{"emulator":{"name":"functions"},"message":"\u001b[1mhttp\u001b[22m function initialized (http://127.0.0.1:5001/studentproject-4c33d/us-central1/sendCustomPasswordResetEmail)."}}
[debug] [2025-07-02T16:09:38.017Z] Could not find VSCode notification endpoint: FetchError: request to http://localhost:40001/vscode/notify failed, reason: . If you are not running the Firebase Data Connect VSCode extension, this is expected and not an issue.
[info] 
┌─────────────────────────────────────────────────────────────┐
│ ✔  All emulators ready! It is now safe to connect your app. │
│ i  View Emulator UI at http://127.0.0.1:4000/               │
└─────────────────────────────────────────────────────────────┘

┌───────────┬────────────────┬─────────────────────────────────┐
│ Emulator  │ Host:Port      │ View in Emulator UI             │
├───────────┼────────────────┼─────────────────────────────────┤
│ Functions │ 127.0.0.1:5001 │ http://127.0.0.1:4000/functions │
└───────────┴────────────────┴─────────────────────────────────┘
  Emulator Hub host: 127.0.0.1 port: 4400
  Other reserved ports: 4500

Issues? Report them at https://github.com/firebase/firebase-tools/issues and attach the *-debug.log files.
 
